<?xml version="1.0" encoding="UTF-8"?>
<testsuite name="com.via.greeninstalators.GreenInstalatorsApplicationTests" tests="1" skipped="0" failures="0" errors="0" timestamp="2024-12-10T11:37:04" hostname="DESKTOP-6VU40IR" time="0.321">
  <properties/>
  <testcase name="testSaveCompanyInstallation_Success()" classname="com.via.greeninstalators.GreenInstalatorsApplicationTests" time="0.321"/>
  <system-out><![CDATA[12:36:50.146 [Test worker] INFO org.springframework.test.context.support.AnnotationConfigContextLoaderUtils -- Could not detect default configuration classes for test class [com.via.greeninstalators.GreenInstalatorsApplicationTests]: GreenInstalatorsApplicationTests does not declare any static, non-private, non-final, nested classes annotated with @Configuration.
12:36:50.407 [Test worker] INFO org.springframework.boot.test.context.SpringBootTestContextBootstrapper -- Found @SpringBootConfiguration com.via.greeninstalators.GreenInstalatorsApplication for test class com.via.greeninstalators.GreenInstalatorsApplicationTests

  .   ____          _            __ _ _
 /\\ / ___'_ __ _ _(_)_ __  __ _ \ \ \ \
( ( )\___ | '_ | '_| | '_ \/ _` | \ \ \ \
 \\/  ___)| |_)| | | | | || (_| |  ) ) ) )
  '  |____| .__|_| |_|_| |_\__, | / / / /
 =========|_|==============|___/=/_/_/_/

 :: Spring Boot ::                (v3.3.5)

2024-12-10T12:36:51.323+01:00  INFO 6600 --- [GreenInstalators] [    Test worker] c.v.g.GreenInstalatorsApplicationTests   : Starting GreenInstalatorsApplicationTests using Java 21.0.5 with PID 6600 (started by tchou in C:\Users\tchou\IdeaProjects\GreenInstalators)
2024-12-10T12:36:51.326+01:00  INFO 6600 --- [GreenInstalators] [    Test worker] c.v.g.GreenInstalatorsApplicationTests   : No active profile set, falling back to 1 default profile: "default"
2024-12-10T12:36:53.021+01:00  INFO 6600 --- [GreenInstalators] [    Test worker] .s.d.r.c.RepositoryConfigurationDelegate : Bootstrapping Spring Data JPA repositories in DEFAULT mode.
2024-12-10T12:36:53.140+01:00  INFO 6600 --- [GreenInstalators] [    Test worker] .s.d.r.c.RepositoryConfigurationDelegate : Finished Spring Data repository scanning in 101 ms. Found 3 JPA repository interfaces.
2024-12-10T12:36:56.549+01:00  INFO 6600 --- [GreenInstalators] [    Test worker] o.hibernate.jpa.internal.util.LogHelper  : HHH000204: Processing PersistenceUnitInfo [name: default]
2024-12-10T12:36:56.808+01:00  INFO 6600 --- [GreenInstalators] [    Test worker] org.hibernate.Version                    : HHH000412: Hibernate ORM core version 6.5.3.Final
2024-12-10T12:36:56.931+01:00  INFO 6600 --- [GreenInstalators] [    Test worker] o.h.c.internal.RegionFactoryInitiator    : HHH000026: Second-level cache disabled
2024-12-10T12:36:57.356+01:00  INFO 6600 --- [GreenInstalators] [    Test worker] o.s.o.j.p.SpringPersistenceUnitInfo      : No LoadTimeWeaver setup: ignoring JPA class transformer
2024-12-10T12:36:57.468+01:00  INFO 6600 --- [GreenInstalators] [    Test worker] com.zaxxer.hikari.HikariDataSource       : HikariPool-1 - Starting...
2024-12-10T12:36:59.639+01:00  INFO 6600 --- [GreenInstalators] [    Test worker] com.zaxxer.hikari.pool.HikariPool        : HikariPool-1 - Added connection org.postgresql.jdbc.PgConnection@363ba634
2024-12-10T12:36:59.644+01:00  INFO 6600 --- [GreenInstalators] [    Test worker] com.zaxxer.hikari.HikariDataSource       : HikariPool-1 - Start completed.
2024-12-10T12:36:59.757+01:00  WARN 6600 --- [GreenInstalators] [    Test worker] org.hibernate.orm.deprecation            : HHH90000025: PostgreSQLDialect does not need to be specified explicitly using 'hibernate.dialect' (remove the property setting and it will be selected by default)
2024-12-10T12:37:02.109+01:00  INFO 6600 --- [GreenInstalators] [    Test worker] o.h.e.t.j.p.i.JtaPlatformInitiator       : HHH000489: No JTA platform available (set 'hibernate.transaction.jta.platform' to enable JTA platform integration)
2024-12-10T12:37:02.353+01:00  INFO 6600 --- [GreenInstalators] [    Test worker] j.LocalContainerEntityManagerFactoryBean : Initialized JPA EntityManagerFactory for persistence unit 'default'
2024-12-10T12:37:02.796+01:00  WARN 6600 --- [GreenInstalators] [    Test worker] JpaBaseConfiguration$JpaWebConfiguration : spring.jpa.open-in-view is enabled by default. Therefore, database queries may be performed during view rendering. Explicitly configure spring.jpa.open-in-view to disable this warning
2024-12-10T12:37:04.774+01:00  INFO 6600 --- [GreenInstalators] [    Test worker] c.v.g.GreenInstalatorsApplicationTests   : Started GreenInstalatorsApplicationTests in 13.988 seconds (process running for 16.291)
]]></system-out>
  <system-err><![CDATA[WARNING: A Java agent has been loaded dynamically (C:\Users\tchou\.gradle\caches\modules-2\files-2.1\net.bytebuddy\byte-buddy-agent\1.14.19\154da3a65b4f4a909d3e5bdec55d1b2b4cbb6ce1\byte-buddy-agent-1.14.19.jar)
WARNING: If a serviceability tool is in use, please run with -XX:+EnableDynamicAgentLoading to hide this warning
WARNING: If a serviceability tool is not in use, please run with -Djdk.instrument.traceUsage for more information
WARNING: Dynamic loading of agents will be disallowed by default in a future release
]]></system-err>
</testsuite>
